<?xml version="1.0" encoding="UTF-8"?>
<!-- Generated by org.testng.reporters.JUnitXMLReporter -->
<testsuite hostname="X7026772" name="Test" tests="9" failures="0" timestamp="20 Feb 2020 06:26:09 GMT" time="131.214" errors="0">
  <testcase name="VeriyHomeTitle" time="0.024" classname="com.crm.qa.testCases.HomePageTest"/>
  <testcase name="VerifyUserLabel" time="0.054" classname="com.crm.qa.testCases.HomePageTest"/>
  <testcase name="ContactPages" time="5.425" classname="com.crm.qa.testCases.HomePageTest"/>
  <testcase name="fgtPwdVerify" time="0.122" classname="com.crm.qa.testCases.LoginPageTest"/>
  <testcase name="LoginPageTitle" time="0.045" classname="com.crm.qa.testCases.LoginPageTest"/>
  <testcase name="loginTest" time="0.517" classname="com.crm.qa.testCases.LoginPageTest"/>
  <testcase name="GettotalNames" time="0.091" classname="com.crm.qa.testCases.ContactPage"/>
  <testcase name="MultiplecontactCheckBox" time="0.618" classname="com.crm.qa.testCases.ContactPage"/>
  <testcase name="contactCheckBox" time="0.315" classname="com.crm.qa.testCases.ContactPage"/>
</testsuite> <!-- Test -->
