<?xml version="1.0" encoding="UTF-8"?>
<!-- Generated by org.testng.reporters.JUnitXMLReporter -->
<testsuite hostname="X7026772" name="Test" tests="9" failures="0" timestamp="20 Feb 2020 06:45:23 GMT" time="128.333" errors="0">
  <testcase name="VeriyHomeTitle" time="0.011" classname="com.crm.qa.testCases.HomePageTest"/>
  <testcase name="VerifyUserLabel" time="0.037" classname="com.crm.qa.testCases.HomePageTest"/>
  <testcase name="ContactPages" time="5.37" classname="com.crm.qa.testCases.HomePageTest"/>
  <testcase name="fgtPwdVerify" time="0.079" classname="com.crm.qa.testCases.LoginPageTest"/>
  <testcase name="LoginPageTitle" time="0.013" classname="com.crm.qa.testCases.LoginPageTest"/>
  <testcase name="loginTest" time="0.456" classname="com.crm.qa.testCases.LoginPageTest"/>
  <testcase name="GettotalNames" time="0.05" classname="com.crm.qa.testCases.ContactPage"/>
  <testcase name="MultiplecontactCheckBox" time="0.523" classname="com.crm.qa.testCases.ContactPage"/>
  <testcase name="contactCheckBox" time="0.267" classname="com.crm.qa.testCases.ContactPage"/>
</testsuite> <!-- Test -->
