<?xml version="1.0" encoding="UTF-8"?>
<testng-results skipped="0" failed="0" total="9" passed="9">
  <reporter-output>
    <line>
      <![CDATA[Log says -- Assert pass]]>
    </line>
    <line>
      <![CDATA[Forgot pwd is displaying--true]]>
    </line>
    <line>
      <![CDATA[Assert was made here]]>
    </line>
  </reporter-output>
  <suite name="Suite" duration-ms="131214" started-at="2020-02-20T06:23:58Z" finished-at="2020-02-20T06:26:09Z">
    <groups>
    </groups>
    <test name="Test" duration-ms="131214" started-at="2020-02-20T06:23:58Z" finished-at="2020-02-20T06:26:09Z">
      <class name="com.crm.qa.testCases.HomePageTest">
        <test-method status="PASS" signature="setup()[pri:0, instance:com.crm.qa.testCases.HomePageTest@548a9f61]" name="setup" is-config="true" duration-ms="12548" started-at="2020-02-20T00:23:58Z" finished-at="2020-02-20T00:24:10Z">
          <reporter-output>
          </reporter-output>
        </test-method> <!-- setup -->
        <test-method status="PASS" signature="VeriyHomeTitle()[pri:0, instance:com.crm.qa.testCases.HomePageTest@548a9f61]" name="VeriyHomeTitle" duration-ms="24" started-at="2020-02-20T00:24:10Z" finished-at="2020-02-20T00:24:10Z">
          <reporter-output>
            <line>
              <![CDATA[Log says -- Assert pass]]>
            </line>
          </reporter-output>
        </test-method> <!-- VeriyHomeTitle -->
        <test-method status="PASS" signature="tearDown()[pri:0, instance:com.crm.qa.testCases.HomePageTest@548a9f61]" name="tearDown" is-config="true" duration-ms="2024" started-at="2020-02-20T00:24:10Z" finished-at="2020-02-20T00:24:12Z">
          <reporter-output>
          </reporter-output>
        </test-method> <!-- tearDown -->
        <test-method status="PASS" signature="setup()[pri:0, instance:com.crm.qa.testCases.HomePageTest@548a9f61]" name="setup" is-config="true" duration-ms="12528" started-at="2020-02-20T00:24:12Z" finished-at="2020-02-20T00:24:25Z">
          <reporter-output>
          </reporter-output>
        </test-method> <!-- setup -->
        <test-method status="PASS" signature="VerifyUserLabel()[pri:0, instance:com.crm.qa.testCases.HomePageTest@548a9f61]" name="VerifyUserLabel" duration-ms="54" started-at="2020-02-20T00:24:25Z" finished-at="2020-02-20T00:24:25Z">
          <reporter-output>
          </reporter-output>
        </test-method> <!-- VerifyUserLabel -->
        <test-method status="PASS" signature="tearDown()[pri:0, instance:com.crm.qa.testCases.HomePageTest@548a9f61]" name="tearDown" is-config="true" duration-ms="2058" started-at="2020-02-20T00:24:25Z" finished-at="2020-02-20T00:24:27Z">
          <reporter-output>
          </reporter-output>
        </test-method> <!-- tearDown -->
        <test-method status="PASS" signature="setup()[pri:0, instance:com.crm.qa.testCases.HomePageTest@548a9f61]" name="setup" is-config="true" duration-ms="12565" started-at="2020-02-20T00:24:27Z" finished-at="2020-02-20T00:24:40Z">
          <reporter-output>
          </reporter-output>
        </test-method> <!-- setup -->
        <test-method status="PASS" signature="ContactPages()[pri:0, instance:com.crm.qa.testCases.HomePageTest@548a9f61]" name="ContactPages" duration-ms="5425" started-at="2020-02-20T00:24:40Z" finished-at="2020-02-20T00:24:45Z">
          <reporter-output>
          </reporter-output>
        </test-method> <!-- ContactPages -->
        <test-method status="PASS" signature="tearDown()[pri:0, instance:com.crm.qa.testCases.HomePageTest@548a9f61]" name="tearDown" is-config="true" duration-ms="2036" started-at="2020-02-20T00:24:45Z" finished-at="2020-02-20T00:24:47Z">
          <reporter-output>
          </reporter-output>
        </test-method> <!-- tearDown -->
      </class> <!-- com.crm.qa.testCases.HomePageTest -->
      <class name="com.crm.qa.testCases.LoginPageTest">
        <test-method status="PASS" signature="setup()[pri:0, instance:com.crm.qa.testCases.LoginPageTest@39aeed2f]" name="setup" is-config="true" duration-ms="8233" started-at="2020-02-20T00:24:47Z" finished-at="2020-02-20T00:24:55Z">
          <reporter-output>
          </reporter-output>
        </test-method> <!-- setup -->
        <test-method status="PASS" signature="fgtPwdVerify()[pri:0, instance:com.crm.qa.testCases.LoginPageTest@39aeed2f]" name="fgtPwdVerify" duration-ms="122" started-at="2020-02-20T00:24:55Z" finished-at="2020-02-20T00:24:55Z">
          <reporter-output>
            <line>
              <![CDATA[Forgot pwd is displaying--true]]>
            </line>
          </reporter-output>
        </test-method> <!-- fgtPwdVerify -->
        <test-method status="PASS" signature="tearDown()[pri:0, instance:com.crm.qa.testCases.LoginPageTest@39aeed2f]" name="tearDown" is-config="true" duration-ms="1868" started-at="2020-02-20T00:24:55Z" finished-at="2020-02-20T00:24:57Z">
          <reporter-output>
          </reporter-output>
        </test-method> <!-- tearDown -->
        <test-method status="PASS" signature="setup()[pri:0, instance:com.crm.qa.testCases.LoginPageTest@39aeed2f]" name="setup" is-config="true" duration-ms="7864" started-at="2020-02-20T00:24:57Z" finished-at="2020-02-20T00:25:05Z">
          <reporter-output>
          </reporter-output>
        </test-method> <!-- setup -->
        <test-method status="PASS" signature="LoginPageTitle()[pri:0, instance:com.crm.qa.testCases.LoginPageTest@39aeed2f]" name="LoginPageTitle" duration-ms="45" started-at="2020-02-20T00:25:05Z" finished-at="2020-02-20T00:25:05Z">
          <reporter-output>
            <line>
              <![CDATA[Assert was made here]]>
            </line>
          </reporter-output>
        </test-method> <!-- LoginPageTitle -->
        <test-method status="PASS" signature="tearDown()[pri:0, instance:com.crm.qa.testCases.LoginPageTest@39aeed2f]" name="tearDown" is-config="true" duration-ms="2072" started-at="2020-02-20T00:25:05Z" finished-at="2020-02-20T00:25:07Z">
          <reporter-output>
          </reporter-output>
        </test-method> <!-- tearDown -->
        <test-method status="PASS" signature="setup()[pri:0, instance:com.crm.qa.testCases.LoginPageTest@39aeed2f]" name="setup" is-config="true" duration-ms="7648" started-at="2020-02-20T00:25:07Z" finished-at="2020-02-20T00:25:15Z">
          <reporter-output>
          </reporter-output>
        </test-method> <!-- setup -->
        <test-method status="PASS" signature="loginTest()[pri:0, instance:com.crm.qa.testCases.LoginPageTest@39aeed2f]" name="loginTest" duration-ms="517" started-at="2020-02-20T00:25:15Z" finished-at="2020-02-20T00:25:15Z">
          <reporter-output>
          </reporter-output>
        </test-method> <!-- loginTest -->
        <test-method status="PASS" signature="tearDown()[pri:0, instance:com.crm.qa.testCases.LoginPageTest@39aeed2f]" name="tearDown" is-config="true" duration-ms="1806" started-at="2020-02-20T00:25:15Z" finished-at="2020-02-20T00:25:17Z">
          <reporter-output>
          </reporter-output>
        </test-method> <!-- tearDown -->
      </class> <!-- com.crm.qa.testCases.LoginPageTest -->
      <class name="com.crm.qa.testCases.ContactPage">
        <test-method status="PASS" signature="setup()[pri:0, instance:com.crm.qa.testCases.ContactPage@457e2f02]" name="setup" is-config="true" duration-ms="14771" started-at="2020-02-20T00:25:17Z" finished-at="2020-02-20T00:25:32Z">
          <reporter-output>
          </reporter-output>
        </test-method> <!-- setup -->
        <test-method status="PASS" signature="GettotalNames()[pri:0, instance:com.crm.qa.testCases.ContactPage@457e2f02]" name="GettotalNames" duration-ms="91" started-at="2020-02-20T00:25:32Z" finished-at="2020-02-20T00:25:32Z">
          <reporter-output>
          </reporter-output>
        </test-method> <!-- GettotalNames -->
        <test-method status="PASS" signature="tearDown()[pri:0, instance:com.crm.qa.testCases.ContactPage@457e2f02]" name="tearDown" is-config="true" duration-ms="2228" started-at="2020-02-20T00:25:32Z" finished-at="2020-02-20T00:25:34Z">
          <reporter-output>
          </reporter-output>
        </test-method> <!-- tearDown -->
        <test-method status="PASS" signature="setup()[pri:0, instance:com.crm.qa.testCases.ContactPage@457e2f02]" name="setup" is-config="true" duration-ms="14848" started-at="2020-02-20T00:25:34Z" finished-at="2020-02-20T00:25:49Z">
          <reporter-output>
          </reporter-output>
        </test-method> <!-- setup -->
        <test-method status="PASS" signature="MultiplecontactCheckBox()[pri:0, instance:com.crm.qa.testCases.ContactPage@457e2f02]" name="MultiplecontactCheckBox" duration-ms="618" started-at="2020-02-20T00:25:49Z" finished-at="2020-02-20T00:25:50Z">
          <reporter-output>
          </reporter-output>
        </test-method> <!-- MultiplecontactCheckBox -->
        <test-method status="PASS" signature="tearDown()[pri:0, instance:com.crm.qa.testCases.ContactPage@457e2f02]" name="tearDown" is-config="true" duration-ms="1841" started-at="2020-02-20T00:25:50Z" finished-at="2020-02-20T00:25:52Z">
          <reporter-output>
          </reporter-output>
        </test-method> <!-- tearDown -->
        <test-method status="PASS" signature="setup()[pri:0, instance:com.crm.qa.testCases.ContactPage@457e2f02]" name="setup" is-config="true" duration-ms="15009" started-at="2020-02-20T00:25:52Z" finished-at="2020-02-20T00:26:07Z">
          <reporter-output>
          </reporter-output>
        </test-method> <!-- setup -->
        <test-method status="PASS" signature="contactCheckBox()[pri:0, instance:com.crm.qa.testCases.ContactPage@457e2f02]" name="contactCheckBox" duration-ms="315" started-at="2020-02-20T00:26:07Z" finished-at="2020-02-20T00:26:07Z">
          <reporter-output>
          </reporter-output>
        </test-method> <!-- contactCheckBox -->
        <test-method status="PASS" signature="tearDown()[pri:0, instance:com.crm.qa.testCases.ContactPage@457e2f02]" name="tearDown" is-config="true" duration-ms="2018" started-at="2020-02-20T00:26:07Z" finished-at="2020-02-20T00:26:09Z">
          <reporter-output>
          </reporter-output>
        </test-method> <!-- tearDown -->
      </class> <!-- com.crm.qa.testCases.ContactPage -->
    </test> <!-- Test -->
  </suite> <!-- Suite -->
</testng-results>
